# JRE version: Java(TM) SE Runtime Environment (8.0_111-b14) (build 1.8.0_111-b14)
# Java VM: Java HotSpot(TM) 64-Bit Server VM (25.111-b14 mixed mode windows-amd64 compressed oops)
Heap:
 PSYoungGen      total 36352K, used 22810K [0x00000000d7780000, 0x00000000da000000, 0x0000000100000000)
  eden space 31232K, 73% used [0x00000000d7780000,0x00000000d8dc6af0,0x00000000d9600000)
  from space 5120K, 0% used [0x00000000d9b00000,0x00000000d9b00000,0x00000000da000000)
  to   space 5120K, 0% used [0x00000000d9600000,0x00000000d9600000,0x00000000d9b00000)
 ParOldGen       total 52224K, used 6357K [0x0000000086600000, 0x0000000089900000, 0x00000000d7780000)
  object space 52224K, 12% used [0x0000000086600000,0x0000000086c35658,0x0000000089900000)
 Metaspace       used 22243K, capacity 22500K, committed 22912K, reserved 1069056K
  class space    used 2748K, capacity 2848K, committed 2944K, reserved 1048576K
GC Heap History (6 events):
Event: 6.044 GC heap before
{Heap before GC invocations=1 (full 0):
 PSYoungGen      total 36352K, used 31232K [0x00000000d7780000, 0x00000000da000000, 0x0000000100000000)
  eden space 31232K, 100% used [0x00000000d7780000,0x00000000d9600000,0x00000000d9600000)
  from space 5120K, 0% used [0x00000000d9b00000,0x00000000d9b00000,0x00000000da000000)
  to   space 5120K, 0% used [0x00000000d9600000,0x00000000d9600000,0x00000000d9b00000)
 ParOldGen       total 83456K, used 0K [0x0000000086600000, 0x000000008b780000, 0x00000000d7780000)
  object space 83456K, 0% used [0x0000000086600000,0x0000000086600000,0x000000008b780000)
 Metaspace       used 19785K, capacity 20140K, committed 20352K, reserved 1067008K
  class space    used 2517K, capacity 2644K, committed 2688K, reserved 1048576K
Event: 6.062 GC heap after
Heap after GC invocations=1 (full 0):
 PSYoungGen      total 36352K, used 5105K [0x00000000d7780000, 0x00000000da000000, 0x0000000100000000)
  eden space 31232K, 0% used [0x00000000d7780000,0x00000000d7780000,0x00000000d9600000)
  from space 5120K, 99% used [0x00000000d9600000,0x00000000d9afc490,0x00000000d9b00000)
  to   space 5120K, 0% used [0x00000000d9b00000,0x00000000d9b00000,0x00000000da000000)
 ParOldGen       total 83456K, used 3348K [0x0000000086600000, 0x000000008b780000, 0x00000000d7780000)
  object space 83456K, 4% used [0x0000000086600000,0x00000000869450d8,0x000000008b780000)
 Metaspace       used 19785K, capacity 20140K, committed 20352K, reserved 1067008K
  class space    used 2517K, capacity 2644K, committed 2688K, reserved 1048576K
}
Event: 6.303 GC heap before
{Heap before GC invocations=2 (full 0):
 PSYoungGen      total 36352K, used 8816K [0x00000000d7780000, 0x00000000da000000, 0x0000000100000000)
  eden space 31232K, 11% used [0x00000000d7780000,0x00000000d7b1fd90,0x00000000d9600000)
  from space 5120K, 99% used [0x00000000d9600000,0x00000000d9afc490,0x00000000d9b00000)
  to   space 5120K, 0% used [0x00000000d9b00000,0x00000000d9b00000,0x00000000da000000)
 ParOldGen       total 83456K, used 3348K [0x0000000086600000, 0x000000008b780000, 0x00000000d7780000)
  object space 83456K, 4% used [0x0000000086600000,0x00000000869450d8,0x000000008b780000)
 Metaspace       used 20795K, capacity 21056K, committed 21248K, reserved 1067008K
  class space    used 2640K, capacity 2752K, committed 2816K, reserved 1048576K
Event: 6.315 GC heap after
Heap after GC invocations=2 (full 0):
 PSYoungGen      total 36352K, used 5105K [0x00000000d7780000, 0x00000000da000000, 0x0000000100000000)
  eden space 31232K, 0% used [0x00000000d7780000,0x00000000d7780000,0x00000000d9600000)
  from space 5120K, 99% used [0x00000000d9b00000,0x00000000d9ffc470,0x00000000da000000)
  to   space 5120K, 0% used [0x00000000d9600000,0x00000000d9600000,0x00000000d9b00000)
 ParOldGen       total 83456K, used 3927K [0x0000000086600000, 0x000000008b780000, 0x00000000d7780000)
  object space 83456K, 4% used [0x0000000086600000,0x00000000869d5c68,0x000000008b780000)
 Metaspace       used 20795K, capacity 21056K, committed 21248K, reserved 1067008K
  class space    used 2640K, capacity 2752K, committed 2816K, reserved 1048576K
}
Event: 6.315 GC heap before
{Heap before GC invocations=3 (full 1):
 PSYoungGen      total 36352K, used 5105K [0x00000000d7780000, 0x00000000da000000, 0x0000000100000000)
  eden space 31232K, 0% used [0x00000000d7780000,0x00000000d7780000,0x00000000d9600000)
  from space 5120K, 99% used [0x00000000d9b00000,0x00000000d9ffc470,0x00000000da000000)
  to   space 5120K, 0% used [0x00000000d9600000,0x00000000d9600000,0x00000000d9b00000)
 ParOldGen       total 83456K, used 3927K [0x0000000086600000, 0x000000008b780000, 0x00000000d7780000)
  object space 83456K, 4% used [0x0000000086600000,0x00000000869d5c68,0x000000008b780000)
 Metaspace       used 20795K, capacity 21056K, committed 21248K, reserved 1067008K
  class space    used 2640K, capacity 2752K, committed 2816K, reserved 1048576K
Event: 6.386 GC heap after
Heap after GC invocations=3 (full 1):
 PSYoungGen      total 36352K, used 0K [0x00000000d7780000, 0x00000000da000000, 0x0000000100000000)
  eden space 31232K, 0% used [0x00000000d7780000,0x00000000d7780000,0x00000000d9600000)
  from space 5120K, 0% used [0x00000000d9b00000,0x00000000d9b00000,0x00000000da000000)
  to   space 5120K, 0% used [0x00000000d9600000,0x00000000d9600000,0x00000000d9b00000)
 ParOldGen       total 52224K, used 6357K [0x0000000086600000, 0x0000000089900000, 0x00000000d7780000)
  object space 52224K, 12% used [0x0000000086600000,0x0000000086c35658,0x0000000089900000)
 Metaspace       used 20795K, capacity 21056K, committed 21248K, reserved 1067008K
  class space    used 2640K, capacity 2752K, committed 2816K, reserved 1048576K
}

